Epoch 1/100
loss: 2.115, accuracy: 43.620
val_loss: 1.061, val_accuracy: 59.756



Epoch 2/100
loss: 0.998, accuracy: 61.580
val_loss: 0.992, val_accuracy: 60.366



Epoch 3/100
loss: 0.802, accuracy: 70.020
val_loss: 1.050, val_accuracy: 58.537



Epoch 4/100
loss: 0.650, accuracy: 76.340
val_loss: 0.945, val_accuracy: 59.756



Epoch 5/100
loss: 0.525, accuracy: 81.360
val_loss: 0.993, val_accuracy: 59.756



Epoch 6/100
loss: 0.446, accuracy: 84.120
val_loss: 1.087, val_accuracy: 57.317



Epoch 7/100
loss: 0.377, accuracy: 87.380
val_loss: 0.991, val_accuracy: 59.146



Epoch 8/100
loss: 0.346, accuracy: 88.200
val_loss: 1.021, val_accuracy: 56.707



Epoch 9/100
loss: 0.293, accuracy: 89.860
val_loss: 1.082, val_accuracy: 60.976



Epoch 10/100
loss: 0.247, accuracy: 91.580
val_loss: 1.084, val_accuracy: 56.098



Epoch 11/100
loss: 0.249, accuracy: 91.560
val_loss: 1.059, val_accuracy: 54.878



Epoch 12/100
loss: 0.220, accuracy: 92.640
val_loss: 1.196, val_accuracy: 59.756



Epoch 13/100
loss: 0.192, accuracy: 93.900
val_loss: 1.235, val_accuracy: 54.878



Epoch 14/100
loss: 0.192, accuracy: 93.540
val_loss: 1.379, val_accuracy: 55.488



Epoch 15/100
loss: 0.160, accuracy: 94.760
val_loss: 1.503, val_accuracy: 55.488



Epoch 16/100
loss: 0.166, accuracy: 94.900
val_loss: 1.207, val_accuracy: 56.707



Epoch 17/100
loss: 0.138, accuracy: 95.560
val_loss: 1.296, val_accuracy: 54.878



Epoch 18/100
loss: 0.154, accuracy: 95.020
val_loss: 1.336, val_accuracy: 53.049



Epoch 19/100
loss: 0.124, accuracy: 95.700
val_loss: 1.451, val_accuracy: 60.366



Epoch 20/100
loss: 0.110, accuracy: 96.740
val_loss: 1.424, val_accuracy: 56.098



Epoch 21/100
loss: 0.131, accuracy: 95.860
val_loss: 1.217, val_accuracy: 59.146



Epoch 22/100
loss: 0.109, accuracy: 96.440
val_loss: 1.279, val_accuracy: 56.707



Epoch 23/100
loss: 0.099, accuracy: 96.840
val_loss: 1.342, val_accuracy: 59.146



Epoch 24/100
loss: 0.087, accuracy: 97.040
val_loss: 1.307, val_accuracy: 60.366
Stop due Early stopping

              precision    recall  f1-score   support

           0       0.40      0.27      0.32        30
           1       0.61      0.68      0.64        68
           2       0.40      0.27      0.32        22
           3       0.20      0.19      0.20        21
           4       0.70      0.74      0.72       196

    accuracy                           0.62       337
   macro avg       0.46      0.43      0.44       337
weighted avg       0.61      0.62      0.61       337

save /home/DIINF/mcoronado/SCIAN_SVM/SVM_SCIAN/BetterResults/Classic/experiment4-data
Epoch 1/100
loss: 2.091, accuracy: 45.320
val_loss: 1.103, val_accuracy: 58.537



Epoch 2/100
loss: 0.990, accuracy: 62.440
val_loss: 1.237, val_accuracy: 54.878



Epoch 3/100
loss: 0.783, accuracy: 71.320
val_loss: 1.001, val_accuracy: 62.195



Epoch 4/100
loss: 0.665, accuracy: 75.480
val_loss: 1.023, val_accuracy: 59.756



Epoch 5/100
loss: 0.547, accuracy: 80.580
val_loss: 1.046, val_accuracy: 61.585



Epoch 6/100
loss: 0.470, accuracy: 83.820
val_loss: 0.996, val_accuracy: 62.195



Epoch 7/100
loss: 0.401, accuracy: 85.880
val_loss: 1.125, val_accuracy: 55.488



Epoch 8/100
loss: 0.354, accuracy: 87.760
val_loss: 1.111, val_accuracy: 62.195



Epoch 9/100
loss: 0.314, accuracy: 89.140
val_loss: 1.071, val_accuracy: 61.585



Epoch 10/100
loss: 0.284, accuracy: 90.480
val_loss: 1.048, val_accuracy: 60.366



Epoch 11/100
loss: 0.252, accuracy: 91.320
val_loss: 1.019, val_accuracy: 64.024



Epoch 12/100
loss: 0.246, accuracy: 91.960
val_loss: 1.248, val_accuracy: 58.537



Epoch 13/100
loss: 0.217, accuracy: 92.860
val_loss: 1.084, val_accuracy: 65.244



Epoch 14/100
loss: 0.186, accuracy: 93.600
val_loss: 1.772, val_accuracy: 48.171



Epoch 15/100
loss: 0.172, accuracy: 94.500
val_loss: 1.158, val_accuracy: 62.195



Epoch 16/100
loss: 0.160, accuracy: 94.560
val_loss: 1.255, val_accuracy: 60.976



Epoch 17/100
loss: 0.137, accuracy: 95.120
val_loss: 1.328, val_accuracy: 57.317



Epoch 18/100
loss: 0.153, accuracy: 95.040
val_loss: 1.396, val_accuracy: 54.268



Epoch 19/100
loss: 0.146, accuracy: 94.960
val_loss: 1.271, val_accuracy: 60.366



Epoch 20/100
loss: 0.126, accuracy: 95.880
val_loss: 1.376, val_accuracy: 67.073



Epoch 21/100
loss: 0.121, accuracy: 96.280
val_loss: 1.349, val_accuracy: 60.366



Epoch 22/100
loss: 0.131, accuracy: 95.920
val_loss: 1.488, val_accuracy: 57.927



Epoch 23/100
loss: 0.096, accuracy: 96.960
val_loss: 1.397, val_accuracy: 60.976



Epoch 24/100
loss: 0.102, accuracy: 96.780
val_loss: 1.395, val_accuracy: 60.366



Epoch 25/100
loss: 0.106, accuracy: 96.900
val_loss: 1.299, val_accuracy: 64.634



Epoch 26/100
loss: 0.090, accuracy: 97.400
val_loss: 1.435, val_accuracy: 56.098
Stop due Early stopping

              precision    recall  f1-score   support

           0       0.62      0.50      0.56        30
           1       0.58      0.69      0.63        68
           2       0.75      0.41      0.53        22
           3       0.70      0.33      0.45        21
           4       0.73      0.79      0.76       196

    accuracy                           0.69       337
   macro avg       0.68      0.54      0.59       337
weighted avg       0.69      0.69      0.68       337

save /home/DIINF/mcoronado/SCIAN_SVM/SVM_SCIAN/BetterResults/Classic/experiment10-data
Epoch 1/100
loss: 2.086, accuracy: 44.920
val_loss: 1.097, val_accuracy: 63.415



Epoch 2/100
loss: 1.017, accuracy: 60.180
val_loss: 1.145, val_accuracy: 52.439



Epoch 3/100
loss: 0.830, accuracy: 69.160
val_loss: 1.006, val_accuracy: 61.585



Epoch 4/100
loss: 0.657, accuracy: 76.480
val_loss: 1.005, val_accuracy: 57.927



Epoch 5/100
loss: 0.543, accuracy: 80.340
val_loss: 1.253, val_accuracy: 45.122



Epoch 6/100
loss: 0.458, accuracy: 83.780
val_loss: 1.014, val_accuracy: 59.756



Epoch 7/100
loss: 0.394, accuracy: 86.760
val_loss: 1.293, val_accuracy: 45.732



Epoch 8/100
loss: 0.347, accuracy: 87.880
val_loss: 1.398, val_accuracy: 50.610



Epoch 9/100
loss: 0.305, accuracy: 89.720
val_loss: 1.119, val_accuracy: 58.537



Epoch 10/100
loss: 0.274, accuracy: 90.880
val_loss: 1.209, val_accuracy: 56.098



Epoch 11/100
loss: 0.246, accuracy: 91.900
val_loss: 1.058, val_accuracy: 57.927



Epoch 12/100
loss: 0.229, accuracy: 92.160
val_loss: 1.033, val_accuracy: 59.146



Epoch 13/100
loss: 0.186, accuracy: 93.960
val_loss: 1.326, val_accuracy: 55.488



Epoch 14/100
loss: 0.206, accuracy: 93.240
val_loss: 1.334, val_accuracy: 54.878



Epoch 15/100
loss: 0.171, accuracy: 94.220
val_loss: 1.190, val_accuracy: 63.415



Epoch 16/100
loss: 0.156, accuracy: 94.900
val_loss: 1.384, val_accuracy: 54.268



Epoch 17/100
loss: 0.136, accuracy: 95.740
val_loss: 1.483, val_accuracy: 60.976



Epoch 18/100
loss: 0.136, accuracy: 95.220
val_loss: 1.426, val_accuracy: 57.317



Epoch 19/100
loss: 0.131, accuracy: 95.500
val_loss: 1.455, val_accuracy: 59.756



Epoch 20/100
loss: 0.117, accuracy: 96.520
val_loss: 1.521, val_accuracy: 56.707



Epoch 21/100
loss: 0.126, accuracy: 96.120
val_loss: 1.444, val_accuracy: 57.317



Epoch 22/100
loss: 0.097, accuracy: 96.800
val_loss: 1.350, val_accuracy: 60.976



Epoch 23/100
loss: 0.093, accuracy: 97.080
val_loss: 1.725, val_accuracy: 55.488



Epoch 24/100
loss: 0.105, accuracy: 96.600
val_loss: 1.446, val_accuracy: 59.146
Stop due Early stopping

              precision    recall  f1-score   support

           0       0.45      0.43      0.44        30
           1       0.57      0.65      0.61        68
           2       0.41      0.32      0.36        22
           3       0.40      0.29      0.33        21
           4       0.69      0.70      0.69       196

    accuracy                           0.61       337
   macro avg       0.50      0.48      0.49       337
weighted avg       0.61      0.61      0.61       337

save /home/DIINF/mcoronado/SCIAN_SVM/SVM_SCIAN/BetterResults/Classic/experiment8-data
Epoch 1/100
loss: 2.019, accuracy: 47.400
val_loss: 1.109, val_accuracy: 58.537



Epoch 2/100
loss: 0.980, accuracy: 62.740
val_loss: 1.106, val_accuracy: 60.976



Epoch 3/100
loss: 0.790, accuracy: 70.360
val_loss: 1.012, val_accuracy: 58.537



Epoch 4/100
loss: 0.664, accuracy: 74.940
val_loss: 0.973, val_accuracy: 59.146



Epoch 5/100
loss: 0.564, accuracy: 79.320
val_loss: 1.145, val_accuracy: 56.098



Epoch 6/100
loss: 0.491, accuracy: 82.540
val_loss: 1.084, val_accuracy: 57.927



Epoch 7/100
loss: 0.411, accuracy: 85.220
val_loss: 1.017, val_accuracy: 54.878



Epoch 8/100
loss: 0.358, accuracy: 87.700
val_loss: 0.958, val_accuracy: 60.366



Epoch 9/100
loss: 0.326, accuracy: 88.500
val_loss: 1.151, val_accuracy: 60.366



Epoch 10/100
loss: 0.291, accuracy: 89.940
val_loss: 0.911, val_accuracy: 63.415



Epoch 11/100
loss: 0.256, accuracy: 91.080
val_loss: 1.096, val_accuracy: 64.024



Epoch 12/100
loss: 0.227, accuracy: 92.200
val_loss: 1.441, val_accuracy: 53.659



Epoch 13/100
loss: 0.225, accuracy: 92.140
val_loss: 1.236, val_accuracy: 59.756



Epoch 14/100
loss: 0.180, accuracy: 94.320
val_loss: 1.256, val_accuracy: 62.195



Epoch 15/100
loss: 0.181, accuracy: 93.860
val_loss: 1.212, val_accuracy: 59.146



Epoch 16/100
loss: 0.170, accuracy: 93.960
val_loss: 1.389, val_accuracy: 58.537



Epoch 17/100
loss: 0.139, accuracy: 95.340
val_loss: 1.320, val_accuracy: 56.707



Epoch 18/100
loss: 0.145, accuracy: 95.420
val_loss: 1.228, val_accuracy: 61.585



Epoch 19/100
loss: 0.132, accuracy: 95.660
val_loss: 1.312, val_accuracy: 56.098



Epoch 20/100
loss: 0.136, accuracy: 95.740
val_loss: 1.191, val_accuracy: 59.146



Epoch 21/100
loss: 0.104, accuracy: 96.860
val_loss: 1.402, val_accuracy: 59.146



Epoch 22/100
loss: 0.121, accuracy: 96.020
val_loss: 1.217, val_accuracy: 61.585



Epoch 23/100
loss: 0.096, accuracy: 97.120
val_loss: 1.330, val_accuracy: 62.805



Epoch 24/100
loss: 0.125, accuracy: 96.200
val_loss: 1.331, val_accuracy: 56.707



Epoch 25/100
loss: 0.096, accuracy: 96.800
val_loss: 1.482, val_accuracy: 60.366



Epoch 26/100
loss: 0.088, accuracy: 97.100
val_loss: 1.196, val_accuracy: 63.415



Epoch 27/100
loss: 0.087, accuracy: 97.400
val_loss: 1.254, val_accuracy: 66.463



Epoch 28/100
loss: 0.087, accuracy: 97.040
val_loss: 1.470, val_accuracy: 64.024



Epoch 29/100
loss: 0.084, accuracy: 97.000
val_loss: 1.383, val_accuracy: 60.366



Epoch 30/100
loss: 0.071, accuracy: 97.880
val_loss: 1.404, val_accuracy: 62.805
Stop due Early stopping

              precision    recall  f1-score   support

           0       0.32      0.27      0.29        30
           1       0.56      0.65      0.60        68
           2       0.42      0.23      0.29        22
           3       0.47      0.38      0.42        21
           4       0.68      0.71      0.69       196

    accuracy                           0.61       337
   macro avg       0.49      0.45      0.46       337
weighted avg       0.59      0.61      0.60       337

save /home/DIINF/mcoronado/SCIAN_SVM/SVM_SCIAN/BetterResults/Classic/experiment1-data
Epoch 1/100
loss: 2.064, accuracy: 44.720
val_loss: 1.108, val_accuracy: 57.317



Epoch 2/100
loss: 1.053, accuracy: 58.140
val_loss: 1.051, val_accuracy: 53.659



Epoch 3/100
loss: 0.827, accuracy: 69.260
val_loss: 0.966, val_accuracy: 60.976



Epoch 4/100
loss: 0.682, accuracy: 75.020
val_loss: 0.981, val_accuracy: 60.366



Epoch 5/100
loss: 0.562, accuracy: 79.880
val_loss: 0.873, val_accuracy: 66.463



Epoch 6/100
loss: 0.485, accuracy: 82.380
val_loss: 0.849, val_accuracy: 65.244



Epoch 7/100
loss: 0.403, accuracy: 86.060
val_loss: 0.869, val_accuracy: 68.293



Epoch 8/100
loss: 0.343, accuracy: 88.220
val_loss: 1.019, val_accuracy: 61.585



Epoch 9/100
loss: 0.310, accuracy: 88.920
val_loss: 0.826, val_accuracy: 67.683



Epoch 10/100
loss: 0.274, accuracy: 90.760
val_loss: 0.868, val_accuracy: 67.073



Epoch 11/100
loss: 0.244, accuracy: 91.500
val_loss: 0.898, val_accuracy: 65.244



Epoch 12/100
loss: 0.224, accuracy: 92.260
val_loss: 0.790, val_accuracy: 74.390



Epoch 13/100
loss: 0.196, accuracy: 93.580
val_loss: 0.968, val_accuracy: 65.244



Epoch 14/100
loss: 0.175, accuracy: 94.240
val_loss: 1.258, val_accuracy: 57.317



Epoch 15/100
loss: 0.169, accuracy: 94.500
val_loss: 1.046, val_accuracy: 68.293



Epoch 16/100
loss: 0.139, accuracy: 95.500
val_loss: 0.906, val_accuracy: 67.073



Epoch 17/100
loss: 0.156, accuracy: 94.760
val_loss: 0.856, val_accuracy: 68.293



Epoch 18/100
loss: 0.135, accuracy: 95.660
val_loss: 1.154, val_accuracy: 57.927



Epoch 19/100
loss: 0.128, accuracy: 95.780
val_loss: 1.178, val_accuracy: 68.293



Epoch 20/100
loss: 0.123, accuracy: 96.040
val_loss: 0.911, val_accuracy: 70.122



Epoch 21/100
loss: 0.117, accuracy: 96.280
val_loss: 0.911, val_accuracy: 67.683



Epoch 22/100
loss: 0.103, accuracy: 96.920
val_loss: 1.044, val_accuracy: 67.683



Epoch 23/100
loss: 0.097, accuracy: 96.780
val_loss: 1.178, val_accuracy: 62.805



Epoch 24/100
loss: 0.094, accuracy: 97.220
val_loss: 1.187, val_accuracy: 66.463



Epoch 25/100
loss: 0.108, accuracy: 96.540
val_loss: 1.020, val_accuracy: 65.854



Epoch 26/100
loss: 0.085, accuracy: 97.260
val_loss: 0.876, val_accuracy: 70.122



Epoch 27/100
loss: 0.087, accuracy: 97.440
val_loss: 0.970, val_accuracy: 68.293



Epoch 28/100
loss: 0.087, accuracy: 97.140
val_loss: 1.012, val_accuracy: 70.122



Epoch 29/100
loss: 0.070, accuracy: 97.900
val_loss: 1.057, val_accuracy: 65.244



Epoch 30/100
loss: 0.085, accuracy: 97.420
val_loss: 1.097, val_accuracy: 65.244



Epoch 31/100
loss: 0.063, accuracy: 98.160
val_loss: 1.000, val_accuracy: 71.341



Epoch 32/100
loss: 0.065, accuracy: 97.960
val_loss: 1.260, val_accuracy: 61.585
Stop due Early stopping

              precision    recall  f1-score   support

           0       0.27      0.20      0.23        30
           1       0.53      0.72      0.61        68
           2       0.41      0.55      0.47        22
           3       0.50      0.43      0.46        21
           4       0.76      0.68      0.72       196

    accuracy                           0.62       337
   macro avg       0.50      0.52      0.50       337
weighted avg       0.63      0.62      0.62       337

save /home/DIINF/mcoronado/SCIAN_SVM/SVM_SCIAN/BetterResults/Classic/experiment5-data
Epoch 1/100
loss: 2.073, accuracy: 44.860
val_loss: 1.079, val_accuracy: 66.463



Epoch 2/100
loss: 0.970, accuracy: 62.580
val_loss: 0.995, val_accuracy: 65.854



Epoch 3/100
loss: 0.778, accuracy: 71.220
val_loss: 1.005, val_accuracy: 63.415



Epoch 4/100
loss: 0.648, accuracy: 76.180
val_loss: 0.975, val_accuracy: 59.146



Epoch 5/100
loss: 0.538, accuracy: 80.800
val_loss: 0.995, val_accuracy: 60.366



Epoch 6/100
loss: 0.462, accuracy: 83.760
val_loss: 0.986, val_accuracy: 67.073



Epoch 7/100
loss: 0.414, accuracy: 85.640
val_loss: 1.062, val_accuracy: 62.195



Epoch 8/100
loss: 0.354, accuracy: 87.960
val_loss: 0.966, val_accuracy: 66.463



Epoch 9/100
loss: 0.313, accuracy: 88.940
val_loss: 1.180, val_accuracy: 57.317



Epoch 10/100
loss: 0.274, accuracy: 90.660
val_loss: 1.328, val_accuracy: 51.220



Epoch 11/100
loss: 0.255, accuracy: 91.200
val_loss: 1.347, val_accuracy: 53.049



Epoch 12/100
loss: 0.245, accuracy: 91.360
val_loss: 1.093, val_accuracy: 62.805



Epoch 13/100
loss: 0.195, accuracy: 93.220
val_loss: 1.059, val_accuracy: 63.415



Epoch 14/100
loss: 0.183, accuracy: 93.840
val_loss: 1.320, val_accuracy: 60.366



Epoch 15/100
loss: 0.195, accuracy: 93.400
val_loss: 1.078, val_accuracy: 62.195



Epoch 16/100
loss: 0.170, accuracy: 94.200
val_loss: 1.250, val_accuracy: 59.756



Epoch 17/100
loss: 0.159, accuracy: 94.800
val_loss: 1.254, val_accuracy: 60.366



Epoch 18/100
loss: 0.144, accuracy: 95.260
val_loss: 1.421, val_accuracy: 62.195



Epoch 19/100
loss: 0.126, accuracy: 95.760
val_loss: 1.258, val_accuracy: 62.805



Epoch 20/100
loss: 0.129, accuracy: 95.840
val_loss: 1.312, val_accuracy: 60.976



Epoch 21/100
loss: 0.119, accuracy: 96.120
val_loss: 1.248, val_accuracy: 59.146



Epoch 22/100
loss: 0.112, accuracy: 96.380
val_loss: 1.395, val_accuracy: 60.366



Epoch 23/100
loss: 0.113, accuracy: 96.580
val_loss: 1.316, val_accuracy: 57.927



Epoch 24/100
loss: 0.105, accuracy: 96.860
val_loss: 1.255, val_accuracy: 61.585



Epoch 25/100
loss: 0.090, accuracy: 97.220
val_loss: 1.248, val_accuracy: 67.073



Epoch 26/100
loss: 0.085, accuracy: 97.460
val_loss: 1.416, val_accuracy: 64.634



Epoch 27/100
loss: 0.100, accuracy: 96.800
val_loss: 1.390, val_accuracy: 59.756



Epoch 28/100
loss: 0.090, accuracy: 97.220
val_loss: 1.521, val_accuracy: 60.366
Stop due Early stopping

              precision    recall  f1-score   support

           0       0.48      0.43      0.46        30
           1       0.63      0.65      0.64        68
           2       0.50      0.41      0.45        22
           3       0.47      0.43      0.45        21
           4       0.72      0.74      0.73       196

    accuracy                           0.66       337
   macro avg       0.56      0.53      0.55       337
weighted avg       0.65      0.66      0.65       337

save /home/DIINF/mcoronado/SCIAN_SVM/SVM_SCIAN/BetterResults/Classic/experiment3-data
Epoch 1/100
loss: 2.049, accuracy: 44.900
val_loss: 1.169, val_accuracy: 59.756



Epoch 2/100
loss: 0.994, accuracy: 61.300
val_loss: 1.004, val_accuracy: 59.756



Epoch 3/100
loss: 0.824, accuracy: 68.580
val_loss: 1.224, val_accuracy: 51.829



Epoch 4/100
loss: 0.646, accuracy: 76.360
val_loss: 1.060, val_accuracy: 59.146



Epoch 5/100
loss: 0.531, accuracy: 80.860
val_loss: 1.036, val_accuracy: 57.317



Epoch 6/100
loss: 0.461, accuracy: 83.920
val_loss: 1.084, val_accuracy: 57.927



Epoch 7/100
loss: 0.393, accuracy: 86.300
val_loss: 1.000, val_accuracy: 64.024



Epoch 8/100
loss: 0.342, accuracy: 88.120
val_loss: 1.076, val_accuracy: 60.366



Epoch 9/100
loss: 0.305, accuracy: 89.340
val_loss: 1.109, val_accuracy: 58.537



Epoch 10/100
loss: 0.282, accuracy: 90.620
val_loss: 1.054, val_accuracy: 59.756



Epoch 11/100
loss: 0.238, accuracy: 92.120
val_loss: 1.295, val_accuracy: 56.098



Epoch 12/100
loss: 0.228, accuracy: 92.240
val_loss: 1.105, val_accuracy: 60.976



Epoch 13/100
loss: 0.205, accuracy: 92.520
val_loss: 1.172, val_accuracy: 58.537



Epoch 14/100
loss: 0.168, accuracy: 94.300
val_loss: 1.270, val_accuracy: 59.146



Epoch 15/100
loss: 0.180, accuracy: 93.940
val_loss: 1.398, val_accuracy: 57.927



Epoch 16/100
loss: 0.176, accuracy: 94.160
val_loss: 1.219, val_accuracy: 64.024



Epoch 17/100
loss: 0.158, accuracy: 95.180
val_loss: 1.385, val_accuracy: 53.659



Epoch 18/100
loss: 0.134, accuracy: 95.460
val_loss: 1.193, val_accuracy: 59.146



Epoch 19/100
loss: 0.120, accuracy: 95.900
val_loss: 1.294, val_accuracy: 59.146



Epoch 20/100
loss: 0.138, accuracy: 95.400
val_loss: 1.552, val_accuracy: 53.659



Epoch 21/100
loss: 0.129, accuracy: 95.720
val_loss: 1.269, val_accuracy: 64.024



Epoch 22/100
loss: 0.101, accuracy: 96.780
val_loss: 1.444, val_accuracy: 56.707



Epoch 23/100
loss: 0.112, accuracy: 96.340
val_loss: 1.137, val_accuracy: 60.366



Epoch 24/100
loss: 0.092, accuracy: 96.940
val_loss: 1.192, val_accuracy: 60.366



Epoch 25/100
loss: 0.087, accuracy: 97.200
val_loss: 1.587, val_accuracy: 55.488



Epoch 26/100
loss: 0.103, accuracy: 96.560
val_loss: 1.330, val_accuracy: 57.317



Epoch 27/100
loss: 0.080, accuracy: 97.500
val_loss: 1.237, val_accuracy: 60.976
Stop due Early stopping

              precision    recall  f1-score   support

           0       0.46      0.40      0.43        30
           1       0.67      0.62      0.64        68
           2       0.50      0.41      0.45        22
           3       0.54      0.33      0.41        21
           4       0.71      0.78      0.74       196

    accuracy                           0.66       337
   macro avg       0.57      0.51      0.53       337
weighted avg       0.65      0.66      0.65       337

save /home/DIINF/mcoronado/SCIAN_SVM/SVM_SCIAN/BetterResults/Classic/experiment6-data
Epoch 1/100
loss: 2.107, accuracy: 45.480
val_loss: 1.126, val_accuracy: 61.585



Epoch 2/100
loss: 1.019, accuracy: 60.840
val_loss: 1.158, val_accuracy: 59.756



Epoch 3/100
loss: 0.838, accuracy: 68.080
val_loss: 1.115, val_accuracy: 56.707



Epoch 4/100
loss: 0.685, accuracy: 75.180
val_loss: 1.148, val_accuracy: 57.317



Epoch 5/100
loss: 0.573, accuracy: 79.480
val_loss: 1.122, val_accuracy: 57.317



Epoch 6/100
loss: 0.483, accuracy: 82.820
val_loss: 1.028, val_accuracy: 61.585



Epoch 7/100
loss: 0.410, accuracy: 85.740
val_loss: 1.339, val_accuracy: 46.951



Epoch 8/100
loss: 0.370, accuracy: 87.180
val_loss: 1.271, val_accuracy: 53.659



Epoch 9/100
loss: 0.320, accuracy: 88.840
val_loss: 1.151, val_accuracy: 59.756



Epoch 10/100
loss: 0.277, accuracy: 90.720
val_loss: 1.272, val_accuracy: 57.317



Epoch 11/100
loss: 0.263, accuracy: 91.140
val_loss: 1.370, val_accuracy: 57.927



Epoch 12/100
loss: 0.241, accuracy: 91.740
val_loss: 1.205, val_accuracy: 58.537



Epoch 13/100
loss: 0.209, accuracy: 93.240
val_loss: 1.215, val_accuracy: 54.878



Epoch 14/100
loss: 0.186, accuracy: 93.660
val_loss: 1.351, val_accuracy: 57.927



Epoch 15/100
loss: 0.166, accuracy: 94.300
val_loss: 1.639, val_accuracy: 63.415



Epoch 16/100
loss: 0.174, accuracy: 94.460
val_loss: 1.497, val_accuracy: 60.976



Epoch 17/100
loss: 0.162, accuracy: 94.900
val_loss: 1.467, val_accuracy: 57.317



Epoch 18/100
loss: 0.144, accuracy: 95.360
val_loss: 1.459, val_accuracy: 59.756



Epoch 19/100
loss: 0.139, accuracy: 95.460
val_loss: 1.539, val_accuracy: 57.927



Epoch 20/100
loss: 0.117, accuracy: 96.320
val_loss: 1.324, val_accuracy: 58.537



Epoch 21/100
loss: 0.121, accuracy: 96.340
val_loss: 1.607, val_accuracy: 57.927



Epoch 22/100
loss: 0.123, accuracy: 96.320
val_loss: 1.494, val_accuracy: 58.537



Epoch 23/100
loss: 0.103, accuracy: 96.600
val_loss: 1.623, val_accuracy: 56.707



Epoch 24/100
loss: 0.106, accuracy: 96.540
val_loss: 1.323, val_accuracy: 59.146



Epoch 25/100
loss: 0.105, accuracy: 96.360
val_loss: 1.398, val_accuracy: 60.366



Epoch 26/100
loss: 0.097, accuracy: 96.840
val_loss: 1.488, val_accuracy: 62.195
Stop due Early stopping

              precision    recall  f1-score   support

           0       0.45      0.30      0.36        30
           1       0.59      0.57      0.58        68
           2       0.61      0.50      0.55        22
           3       0.59      0.48      0.53        21
           4       0.69      0.76      0.72       196

    accuracy                           0.65       337
   macro avg       0.59      0.52      0.55       337
weighted avg       0.64      0.65      0.64       337

save /home/DIINF/mcoronado/SCIAN_SVM/SVM_SCIAN/BetterResults/Classic/experiment9-data
Epoch 1/100
loss: 2.034, accuracy: 46.220
val_loss: 1.155, val_accuracy: 55.488



Epoch 2/100
loss: 0.987, accuracy: 62.500
val_loss: 1.007, val_accuracy: 60.976



Epoch 3/100
loss: 0.807, accuracy: 69.980
val_loss: 1.169, val_accuracy: 53.659



Epoch 4/100
loss: 0.652, accuracy: 76.660
val_loss: 0.991, val_accuracy: 60.366



Epoch 5/100
loss: 0.531, accuracy: 80.740
val_loss: 0.946, val_accuracy: 64.024



Epoch 6/100
loss: 0.456, accuracy: 83.480
val_loss: 1.006, val_accuracy: 60.366



Epoch 7/100
loss: 0.386, accuracy: 86.580
val_loss: 1.162, val_accuracy: 57.927



Epoch 8/100
loss: 0.335, accuracy: 88.500
val_loss: 1.037, val_accuracy: 59.146



Epoch 9/100
loss: 0.310, accuracy: 89.500
val_loss: 1.031, val_accuracy: 61.585



Epoch 10/100
loss: 0.268, accuracy: 90.680
val_loss: 1.144, val_accuracy: 57.317



Epoch 11/100
loss: 0.254, accuracy: 90.960
val_loss: 1.091, val_accuracy: 64.024



Epoch 12/100
loss: 0.218, accuracy: 92.420
val_loss: 1.185, val_accuracy: 60.366



Epoch 13/100
loss: 0.204, accuracy: 92.840
val_loss: 1.141, val_accuracy: 65.854



Epoch 14/100
loss: 0.197, accuracy: 93.220
val_loss: 1.223, val_accuracy: 56.707



Epoch 15/100
loss: 0.164, accuracy: 94.620
val_loss: 1.637, val_accuracy: 59.756



Epoch 16/100
loss: 0.163, accuracy: 94.660
val_loss: 1.169, val_accuracy: 58.537



Epoch 17/100
loss: 0.157, accuracy: 94.820
val_loss: 1.185, val_accuracy: 59.756



Epoch 18/100
loss: 0.134, accuracy: 95.760
val_loss: 1.049, val_accuracy: 57.927



Epoch 19/100
loss: 0.139, accuracy: 95.560
val_loss: 1.153, val_accuracy: 59.756



Epoch 20/100
loss: 0.120, accuracy: 96.120
val_loss: 1.216, val_accuracy: 59.756



Epoch 21/100
loss: 0.097, accuracy: 96.640
val_loss: 1.247, val_accuracy: 63.415



Epoch 22/100
loss: 0.120, accuracy: 96.200
val_loss: 1.343, val_accuracy: 57.317



Epoch 23/100
loss: 0.105, accuracy: 96.800
val_loss: 1.140, val_accuracy: 60.366



Epoch 24/100
loss: 0.088, accuracy: 97.040
val_loss: 1.397, val_accuracy: 57.927



Epoch 25/100
loss: 0.101, accuracy: 96.740
val_loss: 1.280, val_accuracy: 61.585
Stop due Early stopping

              precision    recall  f1-score   support

           0       0.50      0.33      0.40        30
           1       0.66      0.71      0.68        68
           2       0.55      0.27      0.36        22
           3       0.54      0.33      0.41        21
           4       0.73      0.82      0.77       196

    accuracy                           0.69       337
   macro avg       0.59      0.49      0.53       337
weighted avg       0.67      0.69      0.67       337

save /home/DIINF/mcoronado/SCIAN_SVM/SVM_SCIAN/BetterResults/Classic/experiment2-data
Epoch 1/100
loss: 2.080, accuracy: 45.320
val_loss: 1.277, val_accuracy: 49.390



Epoch 2/100
loss: 1.040, accuracy: 58.960
val_loss: 1.098, val_accuracy: 55.488



Epoch 3/100
loss: 0.828, accuracy: 69.620
val_loss: 1.033, val_accuracy: 56.707



Epoch 4/100
loss: 0.672, accuracy: 75.540
val_loss: 0.994, val_accuracy: 59.146



Epoch 5/100
loss: 0.563, accuracy: 79.540
val_loss: 1.020, val_accuracy: 53.659



Epoch 6/100
loss: 0.464, accuracy: 83.980
val_loss: 0.957, val_accuracy: 61.585



Epoch 7/100
loss: 0.397, accuracy: 86.240
val_loss: 0.950, val_accuracy: 65.244



Epoch 8/100
loss: 0.349, accuracy: 87.920
val_loss: 1.046, val_accuracy: 65.854



Epoch 9/100
loss: 0.310, accuracy: 89.340
val_loss: 1.128, val_accuracy: 57.317



Epoch 10/100
loss: 0.277, accuracy: 90.800
val_loss: 0.994, val_accuracy: 57.317



Epoch 11/100
loss: 0.241, accuracy: 91.940
val_loss: 0.952, val_accuracy: 65.244



Epoch 12/100
loss: 0.220, accuracy: 92.760
val_loss: 1.106, val_accuracy: 59.146



Epoch 13/100
loss: 0.207, accuracy: 92.980
val_loss: 1.102, val_accuracy: 66.463



Epoch 14/100
loss: 0.184, accuracy: 93.740
val_loss: 1.131, val_accuracy: 59.756



Epoch 15/100
loss: 0.171, accuracy: 94.380
val_loss: 1.100, val_accuracy: 62.195



Epoch 16/100
loss: 0.160, accuracy: 94.800
val_loss: 1.022, val_accuracy: 64.024



Epoch 17/100
loss: 0.154, accuracy: 94.920
val_loss: 1.052, val_accuracy: 62.195



Epoch 18/100
loss: 0.129, accuracy: 95.700
val_loss: 1.099, val_accuracy: 62.805



Epoch 19/100
loss: 0.154, accuracy: 94.500
val_loss: 0.916, val_accuracy: 65.244



Epoch 20/100
loss: 0.119, accuracy: 96.240
val_loss: 1.107, val_accuracy: 58.537



Epoch 21/100
loss: 0.124, accuracy: 96.120
val_loss: 1.020, val_accuracy: 64.024



Epoch 22/100
loss: 0.091, accuracy: 97.320
val_loss: 1.653, val_accuracy: 57.317



Epoch 23/100
loss: 0.112, accuracy: 96.480
val_loss: 1.091, val_accuracy: 64.634



Epoch 24/100
loss: 0.115, accuracy: 96.420
val_loss: 1.120, val_accuracy: 62.195



Epoch 25/100
loss: 0.101, accuracy: 96.600
val_loss: 1.234, val_accuracy: 61.585



Epoch 26/100
loss: 0.096, accuracy: 96.860
val_loss: 1.210, val_accuracy: 65.244



Epoch 27/100
loss: 0.079, accuracy: 97.620
val_loss: 1.249, val_accuracy: 62.195



Epoch 28/100
loss: 0.090, accuracy: 96.900
val_loss: 1.324, val_accuracy: 60.976



Epoch 29/100
loss: 0.074, accuracy: 97.680
val_loss: 1.248, val_accuracy: 62.805



Epoch 30/100
loss: 0.073, accuracy: 97.820
val_loss: 1.620, val_accuracy: 59.756



Epoch 31/100
loss: 0.077, accuracy: 97.560
val_loss: 1.405, val_accuracy: 57.927



Epoch 32/100
loss: 0.078, accuracy: 97.580
val_loss: 1.205, val_accuracy: 64.024



Epoch 33/100
loss: 0.074, accuracy: 98.000
val_loss: 1.354, val_accuracy: 64.634



Epoch 34/100
loss: 0.079, accuracy: 97.480
val_loss: 1.104, val_accuracy: 67.073



Epoch 35/100
loss: 0.056, accuracy: 98.140
val_loss: 1.353, val_accuracy: 61.585



Epoch 36/100
loss: 0.067, accuracy: 98.000
val_loss: 1.180, val_accuracy: 60.976



Epoch 37/100
loss: 0.063, accuracy: 98.160
val_loss: 1.467, val_accuracy: 60.366



Epoch 38/100
loss: 0.082, accuracy: 97.680
val_loss: 1.363, val_accuracy: 63.415



Epoch 39/100
loss: 0.056, accuracy: 98.380
val_loss: 1.562, val_accuracy: 60.976
Stop due Early stopping

              precision    recall  f1-score   support

           0       0.47      0.27      0.34        30
           1       0.55      0.65      0.59        68
           2       0.64      0.32      0.42        22
           3       0.40      0.29      0.33        21
           4       0.68      0.74      0.71       196

    accuracy                           0.62       337
   macro avg       0.55      0.45      0.48       337
weighted avg       0.61      0.62      0.61       337

save /home/DIINF/mcoronado/SCIAN_SVM/SVM_SCIAN/BetterResults/Classic/experiment7-data
